{
    "numFailedTestSuites": 0,
    "numFailedTests": 0,
    "numPassedTestSuites": 1,
    "numPassedTests": 8,
    "numPendingTestSuites": 0,
    "numPendingTests": 0,
    "numRuntimeErrorTestSuites": 0,
    "numTodoTests": 0,
    "numTotalTestSuites": 1,
    "numTotalTests": 8,
    "openHandles": [],
    "snapshot": {
        "added": 0,
        "didUpdate": false,
        "failure": false,
        "filesAdded": 0,
        "filesRemoved": 0,
        "filesRemovedList": [],
        "filesUnmatched": 0,
        "filesUpdated": 0,
        "matched": 0,
        "total": 0,
        "unchecked": 0,
        "uncheckedKeysByFile": [],
        "unmatched": 0,
        "updated": 0
    },
    "startTime": 1660219204233,
    "success": true,
    "testResults": [
        {
            "assertionResults": [
                {
                    "ancestorTitles": [],
                    "duration": 21,
                    "failureMessages": [],
                    "fullName": "test added statement",
                    "location": null,
                    "status": "passed",
                    "title": "test added statement"
                },
                {
                    "ancestorTitles": [],
                    "duration": 2,
                    "failureMessages": [],
                    "fullName": "test removed statement",
                    "location": null,
                    "status": "passed",
                    "title": "test removed statement"
                },
                {
                    "ancestorTitles": [],
                    "duration": 1,
                    "failureMessages": [],
                    "fullName": "test updated statement",
                    "location": null,
                    "status": "passed",
                    "title": "test updated statement"
                },
                {
                    "ancestorTitles": [],
                    "duration": 3,
                    "failureMessages": [],
                    "fullName": "test added and removed statement",
                    "location": null,
                    "status": "passed",
                    "title": "test added and removed statement"
                },
                {
                    "ancestorTitles": [],
                    "duration": 1,
                    "failureMessages": [],
                    "fullName": "test empty",
                    "location": null,
                    "status": "passed",
                    "title": "test empty"
                },
                {
                    "ancestorTitles": [],
                    "duration": 0,
                    "failureMessages": [],
                    "fullName": "test singleton",
                    "location": null,
                    "status": "passed",
                    "title": "test singleton"
                },
                {
                    "ancestorTitles": [],
                    "duration": 0,
                    "failureMessages": [],
                    "fullName": "test random",
                    "location": null,
                    "status": "passed",
                    "title": "test random"
                },
                {
                    "ancestorTitles": [],
                    "duration": 1,
                    "failureMessages": [],
                    "fullName": "test quicksort",
                    "location": null,
                    "status": "passed",
                    "title": "test quicksort"
                }
            ],
            "endTime": 1660219204494,
            "message": "",
            "name": "diff-jsjoules-toy-nodejs-project/src/app.test.js",
            "startTime": 1660219204257,
            "status": "passed",
            "summary": ""
        }
    ],
    "wasInterrupted": false,
    "coverageMap": {
        "diff-jsjoules-toy-nodejs-project/src/app.js": {
            "path": "diff-jsjoules-toy-nodejs-project/src/app.js",
            "statementMap": {
                "0": {
                    "start": {
                        "line": 2,
                        "column": 2
                    },
                    "end": {
                        "line": 4,
                        "column": 4
                    }
                },
                "1": {
                    "start": {
                        "line": 3,
                        "column": 4
                    },
                    "end": {
                        "line": 3,
                        "column": 17
                    }
                },
                "2": {
                    "start": {
                        "line": 5,
                        "column": 2
                    },
                    "end": {
                        "line": 5,
                        "column": 15
                    }
                },
                "3": {
                    "start": {
                        "line": 11,
                        "column": 12
                    },
                    "end": {
                        "line": 11,
                        "column": 20
                    }
                },
                "4": {
                    "start": {
                        "line": 12,
                        "column": 4
                    },
                    "end": {
                        "line": 12,
                        "column": 24
                    }
                },
                "5": {
                    "start": {
                        "line": 13,
                        "column": 4
                    },
                    "end": {
                        "line": 13,
                        "column": 17
                    }
                },
                "6": {
                    "start": {
                        "line": 18,
                        "column": 4
                    },
                    "end": {
                        "line": 40,
                        "column": 5
                    }
                },
                "7": {
                    "start": {
                        "line": 19,
                        "column": 18
                    },
                    "end": {
                        "line": 19,
                        "column": 62
                    }
                },
                "8": {
                    "start": {
                        "line": 20,
                        "column": 19
                    },
                    "end": {
                        "line": 20,
                        "column": 23
                    }
                },
                "9": {
                    "start": {
                        "line": 21,
                        "column": 20
                    },
                    "end": {
                        "line": 21,
                        "column": 25
                    }
                },
                "10": {
                    "start": {
                        "line": 23,
                        "column": 6
                    },
                    "end": {
                        "line": 35,
                        "column": 38
                    }
                },
                "11": {
                    "start": {
                        "line": 24,
                        "column": 8
                    },
                    "end": {
                        "line": 26,
                        "column": 9
                    }
                },
                "12": {
                    "start": {
                        "line": 25,
                        "column": 10
                    },
                    "end": {
                        "line": 25,
                        "column": 24
                    }
                },
                "13": {
                    "start": {
                        "line": 27,
                        "column": 8
                    },
                    "end": {
                        "line": 29,
                        "column": 9
                    }
                },
                "14": {
                    "start": {
                        "line": 28,
                        "column": 10
                    },
                    "end": {
                        "line": 28,
                        "column": 25
                    }
                },
                "15": {
                    "start": {
                        "line": 30,
                        "column": 8
                    },
                    "end": {
                        "line": 34,
                        "column": 9
                    }
                },
                "16": {
                    "start": {
                        "line": 31,
                        "column": 10
                    },
                    "end": {
                        "line": 31,
                        "column": 36
                    }
                },
                "17": {
                    "start": {
                        "line": 32,
                        "column": 10
                    },
                    "end": {
                        "line": 32,
                        "column": 24
                    }
                },
                "18": {
                    "start": {
                        "line": 33,
                        "column": 10
                    },
                    "end": {
                        "line": 33,
                        "column": 25
                    }
                },
                "19": {
                    "start": {
                        "line": 37,
                        "column": 6
                    },
                    "end": {
                        "line": 37,
                        "column": 34
                    }
                },
                "20": {
                    "start": {
                        "line": 38,
                        "column": 6
                    },
                    "end": {
                        "line": 38,
                        "column": 34
                    }
                },
                "21": {
                    "start": {
                        "line": 43,
                        "column": 2
                    },
                    "end": {
                        "line": 43,
                        "column": 34
                    }
                },
                "22": {
                    "start": {
                        "line": 45,
                        "column": 2
                    },
                    "end": {
                        "line": 45,
                        "column": 15
                    }
                },
                "23": {
                    "start": {
                        "line": 49,
                        "column": 2
                    },
                    "end": {
                        "line": 49,
                        "column": 18
                    }
                },
                "24": {
                    "start": {
                        "line": 53,
                        "column": 2
                    },
                    "end": {
                        "line": 53,
                        "column": 26
                    }
                },
                "25": {
                    "start": {
                        "line": 54,
                        "column": 2
                    },
                    "end": {
                        "line": 54,
                        "column": 18
                    }
                },
                "26": {
                    "start": {
                        "line": 58,
                        "column": 2
                    },
                    "end": {
                        "line": 58,
                        "column": 26
                    }
                },
                "27": {
                    "start": {
                        "line": 62,
                        "column": 2
                    },
                    "end": {
                        "line": 62,
                        "column": 26
                    }
                },
                "28": {
                    "start": {
                        "line": 63,
                        "column": 2
                    },
                    "end": {
                        "line": 63,
                        "column": 18
                    }
                },
                "29": {
                    "start": {
                        "line": 64,
                        "column": 2
                    },
                    "end": {
                        "line": 64,
                        "column": 18
                    }
                },
                "30": {
                    "start": {
                        "line": 65,
                        "column": 2
                    },
                    "end": {
                        "line": 65,
                        "column": 18
                    }
                },
                "31": {
                    "start": {
                        "line": 69,
                        "column": 2
                    },
                    "end": {
                        "line": 69,
                        "column": 18
                    }
                },
                "32": {
                    "start": {
                        "line": 73,
                        "column": 2
                    },
                    "end": {
                        "line": 73,
                        "column": 26
                    }
                },
                "33": {
                    "start": {
                        "line": 74,
                        "column": 2
                    },
                    "end": {
                        "line": 74,
                        "column": 18
                    }
                },
                "34": {
                    "start": {
                        "line": 78,
                        "column": 2
                    },
                    "end": {
                        "line": 78,
                        "column": 26
                    }
                },
                "35": {
                    "start": {
                        "line": 82,
                        "column": 2
                    },
                    "end": {
                        "line": 82,
                        "column": 26
                    }
                },
                "36": {
                    "start": {
                        "line": 83,
                        "column": 2
                    },
                    "end": {
                        "line": 83,
                        "column": 18
                    }
                },
                "37": {
                    "start": {
                        "line": 84,
                        "column": 2
                    },
                    "end": {
                        "line": 84,
                        "column": 18
                    }
                },
                "38": {
                    "start": {
                        "line": 85,
                        "column": 2
                    },
                    "end": {
                        "line": 85,
                        "column": 18
                    }
                },
                "39": {
                    "start": {
                        "line": 89,
                        "column": 0
                    },
                    "end": {
                        "line": 89,
                        "column": 30
                    }
                },
                "40": {
                    "start": {
                        "line": 90,
                        "column": 0
                    },
                    "end": {
                        "line": 90,
                        "column": 20
                    }
                },
                "41": {
                    "start": {
                        "line": 91,
                        "column": 0
                    },
                    "end": {
                        "line": 91,
                        "column": 40
                    }
                },
                "42": {
                    "start": {
                        "line": 92,
                        "column": 0
                    },
                    "end": {
                        "line": 92,
                        "column": 44
                    }
                },
                "43": {
                    "start": {
                        "line": 93,
                        "column": 0
                    },
                    "end": {
                        "line": 93,
                        "column": 44
                    }
                },
                "44": {
                    "start": {
                        "line": 94,
                        "column": 0
                    },
                    "end": {
                        "line": 94,
                        "column": 60
                    }
                },
                "45": {
                    "start": {
                        "line": 95,
                        "column": 0
                    },
                    "end": {
                        "line": 95,
                        "column": 56
                    }
                },
                "46": {
                    "start": {
                        "line": 96,
                        "column": 0
                    },
                    "end": {
                        "line": 96,
                        "column": 60
                    }
                },
                "47": {
                    "start": {
                        "line": 97,
                        "column": 0
                    },
                    "end": {
                        "line": 97,
                        "column": 60
                    }
                },
                "48": {
                    "start": {
                        "line": 98,
                        "column": 0
                    },
                    "end": {
                        "line": 98,
                        "column": 76
                    }
                }
            },
            "fnMap": {
                "0": {
                    "name": "sort",
                    "decl": {
                        "start": {
                            "line": 1,
                            "column": 9
                        },
                        "end": {
                            "line": 1,
                            "column": 13
                        }
                    },
                    "loc": {
                        "start": {
                            "line": 1,
                            "column": 21
                        },
                        "end": {
                            "line": 6,
                            "column": 1
                        }
                    },
                    "line": 1
                },
                "1": {
                    "name": "(anonymous_1)",
                    "decl": {
                        "start": {
                            "line": 2,
                            "column": 13
                        },
                        "end": {
                            "line": 2,
                            "column": 14
                        }
                    },
                    "loc": {
                        "start": {
                            "line": 2,
                            "column": 29
                        },
                        "end": {
                            "line": 4,
                            "column": 3
                        }
                    },
                    "line": 2
                },
                "2": {
                    "name": "quicksort",
                    "decl": {
                        "start": {
                            "line": 8,
                            "column": 9
                        },
                        "end": {
                            "line": 8,
                            "column": 18
                        }
                    },
                    "loc": {
                        "start": {
                            "line": 8,
                            "column": 32
                        },
                        "end": {
                            "line": 46,
                            "column": 1
                        }
                    },
                    "line": 8
                },
                "3": {
                    "name": "swap",
                    "decl": {
                        "start": {
                            "line": 10,
                            "column": 11
                        },
                        "end": {
                            "line": 10,
                            "column": 15
                        }
                    },
                    "loc": {
                        "start": {
                            "line": 10,
                            "column": 22
                        },
                        "end": {
                            "line": 14,
                            "column": 3
                        }
                    },
                    "line": 10
                },
                "4": {
                    "name": "_quicksort",
                    "decl": {
                        "start": {
                            "line": 16,
                            "column": 11
                        },
                        "end": {
                            "line": 16,
                            "column": 21
                        }
                    },
                    "loc": {
                        "start": {
                            "line": 16,
                            "column": 35
                        },
                        "end": {
                            "line": 41,
                            "column": 3
                        }
                    },
                    "line": 16
                },
                "5": {
                    "name": "addedStatement",
                    "decl": {
                        "start": {
                            "line": 48,
                            "column": 9
                        },
                        "end": {
                            "line": 48,
                            "column": 23
                        }
                    },
                    "loc": {
                        "start": {
                            "line": 48,
                            "column": 26
                        },
                        "end": {
                            "line": 50,
                            "column": 1
                        }
                    },
                    "line": 48
                },
                "6": {
                    "name": "removedStatement",
                    "decl": {
                        "start": {
                            "line": 52,
                            "column": 9
                        },
                        "end": {
                            "line": 52,
                            "column": 25
                        }
                    },
                    "loc": {
                        "start": {
                            "line": 52,
                            "column": 28
                        },
                        "end": {
                            "line": 55,
                            "column": 1
                        }
                    },
                    "line": 52
                },
                "7": {
                    "name": "updatedStatement",
                    "decl": {
                        "start": {
                            "line": 57,
                            "column": 9
                        },
                        "end": {
                            "line": 57,
                            "column": 25
                        }
                    },
                    "loc": {
                        "start": {
                            "line": 57,
                            "column": 28
                        },
                        "end": {
                            "line": 59,
                            "column": 1
                        }
                    },
                    "line": 57
                },
                "8": {
                    "name": "addedAndRemovedStatement",
                    "decl": {
                        "start": {
                            "line": 61,
                            "column": 9
                        },
                        "end": {
                            "line": 61,
                            "column": 33
                        }
                    },
                    "loc": {
                        "start": {
                            "line": 61,
                            "column": 36
                        },
                        "end": {
                            "line": 66,
                            "column": 1
                        }
                    },
                    "line": 61
                },
                "9": {
                    "name": "notExecutedByTestAdded",
                    "decl": {
                        "start": {
                            "line": 68,
                            "column": 9
                        },
                        "end": {
                            "line": 68,
                            "column": 31
                        }
                    },
                    "loc": {
                        "start": {
                            "line": 68,
                            "column": 34
                        },
                        "end": {
                            "line": 70,
                            "column": 1
                        }
                    },
                    "line": 68
                },
                "10": {
                    "name": "notExecutedByTestRemoved",
                    "decl": {
                        "start": {
                            "line": 72,
                            "column": 9
                        },
                        "end": {
                            "line": 72,
                            "column": 33
                        }
                    },
                    "loc": {
                        "start": {
                            "line": 72,
                            "column": 36
                        },
                        "end": {
                            "line": 75,
                            "column": 1
                        }
                    },
                    "line": 72
                },
                "11": {
                    "name": "notExecutedByTestUpdated",
                    "decl": {
                        "start": {
                            "line": 77,
                            "column": 9
                        },
                        "end": {
                            "line": 77,
                            "column": 33
                        }
                    },
                    "loc": {
                        "start": {
                            "line": 77,
                            "column": 36
                        },
                        "end": {
                            "line": 79,
                            "column": 1
                        }
                    },
                    "line": 77
                },
                "12": {
                    "name": "notExecutedByTestAddedAndRemoved",
                    "decl": {
                        "start": {
                            "line": 81,
                            "column": 9
                        },
                        "end": {
                            "line": 81,
                            "column": 41
                        }
                    },
                    "loc": {
                        "start": {
                            "line": 81,
                            "column": 44
                        },
                        "end": {
                            "line": 86,
                            "column": 1
                        }
                    },
                    "line": 81
                }
            },
            "branchMap": {
                "0": {
                    "loc": {
                        "start": {
                            "line": 18,
                            "column": 4
                        },
                        "end": {
                            "line": 40,
                            "column": 5
                        }
                    },
                    "type": "if",
                    "locations": [
                        {
                            "start": {
                                "line": 18,
                                "column": 4
                            },
                            "end": {
                                "line": 40,
                                "column": 5
                            }
                        },
                        {
                            "start": {},
                            "end": {}
                        }
                    ],
                    "line": 18
                },
                "1": {
                    "loc": {
                        "start": {
                            "line": 30,
                            "column": 8
                        },
                        "end": {
                            "line": 34,
                            "column": 9
                        }
                    },
                    "type": "if",
                    "locations": [
                        {
                            "start": {
                                "line": 30,
                                "column": 8
                            },
                            "end": {
                                "line": 34,
                                "column": 9
                            }
                        },
                        {
                            "start": {},
                            "end": {}
                        }
                    ],
                    "line": 30
                }
            },
            "s": {
                "0": 1,
                "1": 538,
                "2": 1,
                "3": 194,
                "4": 194,
                "5": 194,
                "6": 167,
                "7": 82,
                "8": 82,
                "9": 82,
                "10": 82,
                "11": 212,
                "12": 141,
                "13": 212,
                "14": 225,
                "15": 212,
                "16": 194,
                "17": 194,
                "18": 194,
                "19": 82,
                "20": 82,
                "21": 3,
                "22": 3,
                "23": 1,
                "24": 1,
                "25": 1,
                "26": 1,
                "27": 1,
                "28": 1,
                "29": 1,
                "30": 1,
                "31": 0,
                "32": 0,
                "33": 0,
                "34": 0,
                "35": 0,
                "36": 0,
                "37": 0,
                "38": 0,
                "39": 1,
                "40": 1,
                "41": 1,
                "42": 1,
                "43": 1,
                "44": 1,
                "45": 1,
                "46": 1,
                "47": 1,
                "48": 1
            },
            "f": {
                "0": 1,
                "1": 538,
                "2": 3,
                "3": 194,
                "4": 167,
                "5": 1,
                "6": 1,
                "7": 1,
                "8": 1,
                "9": 0,
                "10": 0,
                "11": 0,
                "12": 0
            },
            "b": {
                "0": [
                    82,
                    85
                ],
                "1": [
                    194,
                    18
                ]
            },
            "_coverageSchema": "1a1c01bbd47fc00a2c39e90264f33305004495a9",
            "hash": "1f0078990f69feb4d35b04693dc4e81a99f31c44"
        }
    }
}